INFO:root:Finding all properties...
INFO:root:Collecting description of property 1...
INFO:root:Collecting price of property 1...
INFO:root:Collecting address of property 1...
INFO:root:Collecting reduced amount of property 1...
INFO:root:Collecting web link of property 1...
INFO:root:Collecting description of property 2...
INFO:root:Collecting price of property 2...
INFO:root:Collecting address of property 2...
INFO:root:Collecting reduced amount of property 2...
INFO:root:Collecting web link of property 2...
INFO:root:Collecting description of property 3...
INFO:root:Collecting price of property 3...
INFO:root:Collecting address of property 3...
INFO:root:Collecting reduced amount of property 3...
INFO:root:Collecting web link of property 3...
INFO:root:Collecting description of property 4...
INFO:root:Collecting price of property 4...
INFO:root:Collecting address of property 4...
INFO:root:Collecting reduced amount of property 4...
INFO:root:Collecting web link of property 4...
INFO:root:Collecting description of property 5...
INFO:root:Collecting price of property 5...
INFO:root:Collecting address of property 5...
INFO:root:Collecting reduced amount of property 5...
INFO:root:Collecting web link of property 5...
INFO:root:Collecting description of property 6...
INFO:root:Collecting price of property 6...
INFO:root:Collecting address of property 6...
INFO:root:Collecting reduced amount of property 6...
INFO:root:Collecting web link of property 6...
INFO:root:Collecting description of property 7...
INFO:root:Collecting price of property 7...
INFO:root:Collecting address of property 7...
INFO:root:Collecting reduced amount of property 7...
INFO:root:Collecting web link of property 7...
INFO:root:Collecting description of property 8...
INFO:root:Collecting price of property 8...
INFO:root:Collecting address of property 8...
INFO:root:Collecting reduced amount of property 8...
INFO:root:Collecting web link of property 8...
INFO:root:Collecting description of property 9...
INFO:root:Collecting price of property 9...
INFO:root:Collecting address of property 9...
INFO:root:Collecting reduced amount of property 9...
INFO:root:Collecting web link of property 9...
INFO:root:Collecting description of property 10...
INFO:root:Collecting price of property 10...
INFO:root:Collecting address of property 10...
INFO:root:Collecting reduced amount of property 10...
INFO:root:Collecting web link of property 10...
INFO:root:Collecting description of property 11...
INFO:root:Collecting price of property 11...
INFO:root:Collecting address of property 11...
INFO:root:Collecting reduced amount of property 11...
INFO:root:Collecting web link of property 11...
INFO:root:Collecting description of property 12...
INFO:root:Collecting price of property 12...
INFO:root:Collecting address of property 12...
INFO:root:Collecting reduced amount of property 12...
INFO:root:Collecting web link of property 12...
INFO:root:Collecting description of property 13...
INFO:root:Collecting price of property 13...
INFO:root:Collecting address of property 13...
INFO:root:Collecting reduced amount of property 13...
INFO:root:Collecting web link of property 13...
INFO:root:Collecting description of property 14...
INFO:root:Collecting price of property 14...
INFO:root:Collecting address of property 14...
INFO:root:Collecting reduced amount of property 14...
INFO:root:Collecting web link of property 14...
INFO:root:Collecting description of property 15...
INFO:root:Collecting price of property 15...
INFO:root:Collecting address of property 15...
INFO:root:Collecting reduced amount of property 15...
INFO:root:Collecting web link of property 15...
INFO:root:Collecting description of property 16...
INFO:root:Collecting price of property 16...
INFO:root:Collecting address of property 16...
INFO:root:Collecting reduced amount of property 16...
INFO:root:Collecting web link of property 16...
INFO:root:Collecting description of property 17...
INFO:root:Collecting price of property 17...
INFO:root:Collecting address of property 17...
INFO:root:Collecting reduced amount of property 17...
INFO:root:Collecting web link of property 17...
INFO:root:Collecting description of property 18...
INFO:root:Collecting price of property 18...
INFO:root:Collecting address of property 18...
INFO:root:Collecting reduced amount of property 18...
INFO:root:Collecting web link of property 18...
INFO:root:Collecting description of property 19...
INFO:root:Collecting price of property 19...
INFO:root:Collecting address of property 19...
INFO:root:Collecting reduced amount of property 19...
INFO:root:Collecting web link of property 19...
INFO:root:Collecting description of property 20...
INFO:root:Collecting price of property 20...
INFO:root:Collecting address of property 20...
INFO:root:Collecting reduced amount of property 20...
INFO:root:Collecting web link of property 20...
INFO:root:Collecting description of property 21...
INFO:root:Collecting price of property 21...
INFO:root:Collecting address of property 21...
INFO:root:Collecting reduced amount of property 21...
INFO:root:Collecting web link of property 21...
INFO:root:Collecting description of property 22...
INFO:root:Collecting price of property 22...
INFO:root:Collecting address of property 22...
INFO:root:Collecting reduced amount of property 22...
INFO:root:Collecting web link of property 22...
INFO:root:Collecting description of property 23...
INFO:root:Collecting price of property 23...
INFO:root:Collecting address of property 23...
INFO:root:Collecting reduced amount of property 23...
INFO:root:Collecting web link of property 23...
INFO:root:Collecting description of property 24...
INFO:root:Collecting price of property 24...
INFO:root:Collecting address of property 24...
INFO:root:Collecting reduced amount of property 24...
INFO:root:Collecting web link of property 24...
INFO:root:Collecting description of property 25...
INFO:root:Collecting price of property 25...
INFO:root:Collecting address of property 25...
INFO:root:Collecting reduced amount of property 25...
INFO:root:Collecting web link of property 25...
INFO:root:Collecting description of property 26...
INFO:root:Collecting price of property 26...
INFO:root:Collecting address of property 26...
INFO:root:Collecting reduced amount of property 26...
INFO:root:Collecting web link of property 26...
INFO:root:Collecting description of property 27...
INFO:root:Collecting price of property 27...
INFO:root:Collecting address of property 27...
INFO:root:Collecting reduced amount of property 27...
INFO:root:Collecting web link of property 27...
INFO:root:Collecting description of property 28...
INFO:root:Collecting price of property 28...
INFO:root:Collecting address of property 28...
INFO:root:Collecting reduced amount of property 28...
INFO:root:Collecting web link of property 28...
INFO:root:Collecting description of property 29...
INFO:root:Collecting price of property 29...
INFO:root:Collecting address of property 29...
INFO:root:Collecting reduced amount of property 29...
INFO:root:Collecting web link of property 29...
INFO:root:Collecting description of property 30...
INFO:root:Collecting price of property 30...
INFO:root:Collecting address of property 30...
INFO:root:Collecting reduced amount of property 30...
INFO:root:Collecting web link of property 30...
INFO:root:Collecting description of property 31...
INFO:root:Collecting price of property 31...
INFO:root:Collecting address of property 31...
INFO:root:Collecting reduced amount of property 31...
INFO:root:Collecting web link of property 31...
INFO:root:Collecting description of property 32...
INFO:root:Collecting price of property 32...
INFO:root:Collecting address of property 32...
INFO:root:Collecting reduced amount of property 32...
INFO:root:Collecting web link of property 32...
INFO:root:Collecting description of property 33...
INFO:root:Collecting price of property 33...
INFO:root:Collecting address of property 33...
INFO:root:Collecting reduced amount of property 33...
INFO:root:Collecting web link of property 33...
INFO:root:Collecting description of property 34...
INFO:root:Collecting price of property 34...
INFO:root:Collecting address of property 34...
INFO:root:Collecting reduced amount of property 34...
INFO:root:Collecting web link of property 34...
INFO:root:Collecting description of property 35...
INFO:root:Collecting price of property 35...
INFO:root:Collecting address of property 35...
INFO:root:Collecting reduced amount of property 35...
INFO:root:Collecting web link of property 35...
INFO:root:Collecting description of property 36...
INFO:root:Collecting price of property 36...
INFO:root:Collecting address of property 36...
INFO:root:Collecting reduced amount of property 36...
INFO:root:Collecting web link of property 36...
INFO:root:Collecting description of property 37...
INFO:root:Collecting price of property 37...
INFO:root:Collecting address of property 37...
INFO:root:Collecting reduced amount of property 37...
INFO:root:Collecting web link of property 37...
INFO:root:Collecting description of property 38...
INFO:root:Collecting price of property 38...
INFO:root:Collecting address of property 38...
INFO:root:Collecting reduced amount of property 38...
INFO:root:Collecting web link of property 38...
INFO:root:Collecting description of property 39...
INFO:root:Collecting price of property 39...
INFO:root:Collecting address of property 39...
INFO:root:Collecting reduced amount of property 39...
INFO:root:Collecting web link of property 39...
INFO:root:Collecting description of property 40...
INFO:root:Collecting price of property 40...
INFO:root:Collecting address of property 40...
INFO:root:Collecting reduced amount of property 40...
INFO:root:Collecting web link of property 40...
INFO:root:Collecting description of property 41...
INFO:root:Collecting price of property 41...
INFO:root:Collecting address of property 41...
INFO:root:Collecting reduced amount of property 41...
INFO:root:Collecting web link of property 41...
INFO:root:Collecting description of property 42...
INFO:root:Collecting price of property 42...
INFO:root:Collecting address of property 42...
INFO:root:Collecting reduced amount of property 42...
INFO:root:Collecting web link of property 42...
INFO:root:Saving extracted data into dataframe...
INFO:root:Saving data as a CSV file...
